May 23 19:26:22: vmx| Log for VMware Workstation pid=3520 version=5.5.1 build=build-19175 option=Release
May 23 19:26:22: vmx| Command line: "C:\Program Files\VMware\VMware Workstation\bin\vmware-vmx.exe" "-@" "pipe=\\.\pipe\vmx49bdb220e312b0bd; vm=49bdb220e312b0bd" "C:\DoOrS\VMware\DoOrS.vmx"
May 23 19:26:22: vmx| UI Connecting to pipe '\\.\pipe\vmx49bdb220e312b0bd' with user '(null)'
May 23 19:26:22: vmx| CPU #0 TSC = 4410279950049
May 23 19:26:22: vmx| TSC delta 0
May 23 19:26:22: vmx| VMMon_GetkHzEstimate: Calculated 902045 kHz
May 23 19:26:22: vmx| pcpu #0 CPUID numEntries=2 GenuntelineI
May 23 19:26:22: vmx| pcpu #0 CPUID version=0x68a id1.edx=0x383f9ff id1.ecx=0x0 id1.ebx=0x1
May 23 19:26:22: vmx| pcpu #0 CPUID id80.eax=3020101 id81.edx=0xc040841 id81.ecx=0x0
May 23 19:26:22: vmx| CPUID id1.edx: 0x383f9ff id1.ecx: 0 id81.edx: 0xc040841 id81.ecx: 0
May 23 19:26:22: vmx| CPUID id88.ecx: 0 id88.edx: 0xc040841
May 23 19:26:22: vmx| ACL_InitCapabilities: here 1 (bug 63252)
May 23 19:26:22: vmx| changing directory to C:\DoOrS\VMware\.
May 23 19:26:22: vmx| Config file: C:\DoOrS\VMware\DoOrS.vmx
May 23 19:26:22: vmx| LOG failed to remove C:\DoOrS\VMware\vmware-2.log failed: Не удается найти указанный файл
May 23 19:26:23: vmx| VMXVmdbCbVmVmxExecState: Exec state change requested to state poweredOn without reset
May 23 19:26:23: vmx| PowerOn
May 23 19:26:23: vmx| HOST Windows version 5.1, build 2600, platform 2, "Service Pack 2"
May 23 19:26:23: vmx| DICT --- USER PREFERENCES
May 23 19:26:23: vmx| DICT    pref.autoFitFullScreen = fitHostToGuest
May 23 19:26:23: vmx| DICT     pref.view.navBar.type = favorites
May 23 19:26:23: vmx| DICT pref.view.toolbars.power.items.count = 7
May 23 19:26:23: vmx| DICT pref.view.toolbars.power.item0.id = POWER_OFF
May 23 19:26:23: vmx| DICT pref.view.toolbars.power.item1.id = SUSPEND
May 23 19:26:23: vmx| DICT pref.view.toolbars.power.item2.id = POWER_ON
May 23 19:26:23: vmx| DICT pref.view.toolbars.power.item3.id = RESET
May 23 19:26:23: vmx| DICT pref.view.toolbars.power.item4.id = _SEP_
May 23 19:26:23: vmx| DICT pref.view.toolbars.power.item5.id = PREVIEW_PLAYER
May 23 19:26:23: vmx| DICT pref.view.toolbars.power.item6.id = PREVIEW_WS
May 23 19:26:23: vmx| DICT     pref.mruDest0.present = FALSE
May 23 19:26:23: vmx| DICT  pref.mruDest0.destString = 
May 23 19:26:23: vmx| DICT        pref.mruDest0.user = 
May 23 19:26:23: vmx| DICT     pref.mruDest1.present = FALSE
May 23 19:26:23: vmx| DICT  pref.mruDest1.destString = 
May 23 19:26:23: vmx| DICT        pref.mruDest1.user = 
May 23 19:26:23: vmx| DICT     pref.mruDest2.present = FALSE
May 23 19:26:23: vmx| DICT  pref.mruDest2.destString = 
May 23 19:26:23: vmx| DICT        pref.mruDest2.user = 
May 23 19:26:23: vmx| DICT     pref.mruDest3.present = FALSE
May 23 19:26:23: vmx| DICT  pref.mruDest3.destString = 
May 23 19:26:23: vmx| DICT        pref.mruDest3.user = 
May 23 19:26:23: vmx| DICT     pref.mruDest4.present = FALSE
May 23 19:26:23: vmx| DICT  pref.mruDest4.destString = 
May 23 19:26:23: vmx| DICT        pref.mruDest4.user = 
May 23 19:26:23: vmx| DICT     pref.mruDest5.present = FALSE
May 23 19:26:23: vmx| DICT  pref.mruDest5.destString = 
May 23 19:26:23: vmx| DICT        pref.mruDest5.user = 
May 23 19:26:23: vmx| DICT     pref.mruDest6.present = FALSE
May 23 19:26:23: vmx| DICT  pref.mruDest6.destString = 
May 23 19:26:23: vmx| DICT        pref.mruDest6.user = 
May 23 19:26:23: vmx| DICT     pref.mruDest7.present = FALSE
May 23 19:26:23: vmx| DICT  pref.mruDest7.destString = 
May 23 19:26:23: vmx| DICT        pref.mruDest7.user = 
May 23 19:26:23: vmx| DICT pref.view.toolbars.proj.items.count = 4
May 23 19:26:23: vmx| DICT pref.view.toolbars.proj.item0.id = ADD_VM
May 23 19:26:23: vmx| DICT pref.view.toolbars.proj.item1.id = POLICIES
May 23 19:26:23: vmx| DICT pref.view.toolbars.proj.item2.id = PKG_NEW
May 23 19:26:23: vmx| DICT pref.view.toolbars.proj.item3.id = EDIT_SETTINGS
May 23 19:26:23: vmx| DICT pref.view.toolbars.view.items.count = 6
May 23 19:26:23: vmx| DICT pref.view.toolbars.view.item0.id = FAVORITES
May 23 19:26:23: vmx| DICT pref.view.toolbars.view.item1.id = FULL_SCREEN
May 23 19:26:23: vmx| DICT pref.view.toolbars.view.item2.id = QUICK_SWITCH
May 23 19:26:23: vmx| DICT pref.view.toolbars.view.item3.id = _SEP_
May 23 19:26:23: vmx| DICT pref.view.toolbars.view.item4.id = SUMMARY
May 23 19:26:23: vmx| DICT pref.view.toolbars.view.item5.id = CONSOLE
May 23 19:26:23: vmx| DICT pref.view.toolbars.snapshot.items.count = 3
May 23 19:26:23: vmx| DICT pref.view.toolbars.snapshot.item0.id = SNAPSHOT
May 23 19:26:23: vmx| DICT pref.view.toolbars.snapshot.item1.id = REVERT
May 23 19:26:23: vmx| DICT pref.view.toolbars.snapshot.item2.id = SNAPSHOT_MANAGER
May 23 19:26:23: vmx| DICT pref.view.toolbars.menu.position.ix = 0
May 23 19:26:23: vmx| DICT pref.view.toolbars.menu.position.newLine = TRUE
May 23 19:26:23: vmx| DICT pref.view.toolbars.power.position.ix = 1
May 23 19:26:23: vmx| DICT pref.view.toolbars.power.position.newLine = TRUE
May 23 19:26:23: vmx| DICT pref.view.toolbars.power.position.length = 118
May 23 19:26:23: vmx| DICT pref.view.toolbars.snapshot.position.ix = 2
May 23 19:26:23: vmx| DICT pref.view.toolbars.snapshot.position.length = 87
May 23 19:26:23: vmx| DICT pref.view.toolbars.view.position.ix = 3
May 23 19:26:23: vmx| DICT pref.view.toolbars.view.position.length = 153
May 23 19:26:23: vmx| DICT pref.ws.openedObj0.present = FALSE
May 23 19:26:23: vmx| DICT   pref.ws.openedObj0.name = DoOrS
May 23 19:26:23: vmx| DICT  pref.ws.openedObj.maxNum = 2
May 23 19:26:23: vmx| DICT       pref.placement.left = 68
May 23 19:26:23: vmx| DICT        pref.placement.top = 85
May 23 19:26:23: vmx| DICT      pref.placement.right = 801
May 23 19:26:23: vmx| DICT     pref.placement.bottom = 616
May 23 19:26:23: vmx| DICT          pref.tip.startup = FALSE
May 23 19:26:23: vmx| DICT            pref.tip.index = 1
May 23 19:26:23: vmx| DICT       webUpdate.checkLast = 1179669437
May 23 19:26:23: vmx| DICT webUpdate.lastCheck.status = done_updates
May 23 19:26:23: vmx| DICT    hint.loader.debug.beta = FALSE
May 23 19:26:23: vmx| DICT        hint.vmui.poweroff = FALSE
May 23 19:26:23: vmx| DICT   pref.ws.currentObj.path = /vm/#49bdb220e312b0bd/
May 23 19:26:23: vmx| DICT   pref.ws.currentObj.type = vm
May 23 19:26:23: vmx| DICT pref.ws.openedObj1.present = TRUE
May 23 19:26:23: vmx| DICT   pref.ws.openedObj1.name = DoOrS
May 23 19:26:23: vmx| DICT pref.ws.openedObj2.present = TRUE
May 23 19:26:23: vmx| DICT   pref.ws.openedObj2.type = vm
May 23 19:26:23: vmx| DICT   pref.ws.openedObj2.path = /vm/#68daecc30f3e76d6/
May 23 19:26:23: vmx| DICT   pref.ws.openedObj2.file = C:\DoOrS\VMware\Other.vmx
May 23 19:26:23: vmx| DICT   pref.ws.openedObj2.name = DoOrS
May 23 19:26:23: vmx| DICT      hint.leaveFullScreen = FALSE
May 23 19:26:23: vmx| DICT   pref.ws.openedObj3.type = vm
May 23 19:26:23: vmx| DICT   pref.ws.openedObj3.path = /vm/#80437d7ccd58d087/
May 23 19:26:23: vmx| DICT   pref.ws.openedObj3.file = C:\Home\Work\Univer\Asm\DoOrS\VMware\Other.vmx
May 23 19:26:23: vmx| DICT   pref.ws.openedObj3.name = DoOrS
May 23 19:26:23: vmx| DICT   pref.ws.openedObj1.type = vm
May 23 19:26:23: vmx| DICT   pref.ws.openedObj1.path = /vm/#49bdb220e312b0bd/
May 23 19:26:23: vmx| DICT   pref.ws.openedObj1.file = C:\DoOrS\VMware\DoOrS.vmx
May 23 19:26:23: vmx| DICT pref.ws.openedObj3.present = TRUE
May 23 19:26:23: vmx| DICT          pref.view.navBar = FALSE
May 23 19:26:23: vmx| DICT   pref.ws.openedObj0.type = vm
May 23 19:26:23: vmx| DICT   pref.ws.openedObj0.path = /vm/#49bdb220e312b0bd/
May 23 19:26:23: vmx| DICT   pref.ws.openedObj0.file = C:\DoOrS\VMware\DoOrS.vmx
May 23 19:26:23: vmx| DICT           hint.vmui.reset = FALSE
May 23 19:26:23: vmx| DICT hint.mainmem.lazyResumeHint = FALSE
May 23 19:26:23: vmx| DICT --- USER DEFAULTS
May 23 19:26:23: vmx| DICT --- HOST DEFAULTS
May 23 19:26:23: vmx| DICT --- SITE DEFAULTS
May 23 19:26:23: vmx| DICT --- COMMAND LINE
May 23 19:26:23: vmx| DICT             gui.available = TRUE
May 23 19:26:23: vmx| DICT --- CONFIGURATION
May 23 19:26:23: vmx| DICT            config.version = 8
May 23 19:26:23: vmx| DICT         virtualHW.version = 4
May 23 19:26:23: vmx| DICT             scsi0.present = TRUE
May 23 19:26:23: vmx| DICT                   memsize = 8
May 23 19:26:23: vmx| DICT     MemAllowAutoScaleDown = FALSE
May 23 19:26:23: vmx| DICT            ide0:0.present = FALSE
May 23 19:26:23: vmx| DICT           ide0:0.fileName = Other.vmdk
May 23 19:26:23: vmx| DICT            ide1:0.present = FALSE
May 23 19:26:23: vmx| DICT           ide1:0.fileName = auto detect
May 23 19:26:23: vmx| DICT         ide1:0.deviceType = cdrom-raw
May 23 19:26:23: vmx| DICT          floppy0.fileName = C:\DoOrS\bin\DoOrS.ima
May 23 19:26:23: vmx| DICT             sound.present = FALSE
May 23 19:26:23: vmx| DICT          sound.virtualDev = es1371
May 23 19:26:23: vmx| DICT            sound.fileName = -1
May 23 19:26:23: vmx| DICT          sound.autodetect = TRUE
May 23 19:26:23: vmx| DICT               displayName = DoOrS
May 23 19:26:23: vmx| DICT                   guestOS = other
May 23 19:26:23: vmx| DICT                     nvram = Other.nvram
May 23 19:26:23: vmx| DICT          floppy0.fileType = file
May 23 19:26:23: vmx| DICT                workingDir = .
May 23 19:26:23: vmx| DICT             uuid.location = 56 4d a7 55 b0 f1 c6 7e-5a c5 39 ea b6 6b a3 53
May 23 19:26:23: vmx| DICT                 uuid.bios = 56 4d a7 55 b0 f1 c6 7e-5a c5 39 ea b6 6b a3 53
May 23 19:26:23: vmx| DICT                     debug = FALSE
May 23 19:26:23: vmx| DICT monitor_control.log_vmsample = FALSE
May 23 19:26:23: vmx| DICT        floppy0.autodetect = TRUE
May 23 19:26:23: vmx| DICT        checkpoint.vmState = 
May 23 19:26:23: vmx| DICT --- USER DEFAULTS
May 23 19:26:23: vmx| DICT --- HOST DEFAULTS
May 23 19:26:23: vmx| DICT --- SITE DEFAULTS
May 23 19:26:23: vmx| DICT --- GLOBAL SETTINGS
May 23 19:26:23: vmx| WSSCAN: reserved mem (in MB) min=32 max=288 recommended=288
May 23 19:26:23: vmx|         hostMem=384 maxAllowedAll=4096 maxAllowedVM=3600
May 23 19:26:23: vmx|         totOverhead=16
May 23 19:26:23: vmx| WSSCAN: used rec mem (in MB) 288
May 23 19:26:23: vmx| WSSCAN: Overhead 8433 paged 5038 nonpaged 4096 maxFBSize
May 23 19:26:23: vmx| WSSCAN 1 2 59448 64419 73728 59448 50 0
May 23 19:26:23: vmx| LICENSE using: 'HKEY_LOCAL_MACHINE\SOFTWARE\VMware, Inc.\VMware Workstation\License.ws.5.0' 
May 23 19:26:23: vmx| STATDECLGROUP stats Root "" null
May 23 19:26:23: vmx| Host CPUID features: version 0x688 id1.edx 0x383f9ff id1.ecx 0x0 id81.edx 0xc040841 id81.ecx 0x0
May 23 19:26:23: vmx| CPU.cpuFeatures = 0x735e02
May 23 19:26:23: vmx| CPUID after masking: version 0x688 id1.edx 0x383fbff id1.ecx 0x0 id81.edx 0xc040841 id81.ecx 0x0 id88.ecx 0x0
May 23 19:26:23: vmx| CPU.cpuFeatures = 0x8735e02
May 23 19:26:23: vmx| KHZEstimate 902045
May 23 19:26:23: vmx| MHZEstimate 902
May 23 19:26:23: vmx| NumVCPUs 1
May 23 19:26:23: vmx| UUID: location-UUID is 56 4d e1 cc 44 a1 6a f4-50 51 09 0a 9c 55 2d 44
May 23 19:26:23: vmx| WMI_CreateWMIObjectInstance: failed to enum an instance of class: 0x00000001 0 'Win32_ComputerSystemProduct'
May 23 19:26:23: vmx| Failed to get system information
May 23 19:26:23: vmx| UUID: Failed to obtain host UUID using WMI
May 23 19:26:23: vmx| UUID: canonical path is c:\doors\vmware\doors.vmx
May 23 19:26:23: vmx| UUID: location-UUID is 56 4d a7 55 b0 f1 c6 7e-5a c5 39 ea b6 6b a3 53
May 23 19:26:23: vmx| MM: Using partialmap, 2048 pages AC 0 CE 1 TM 0 DOHU 0
May 23 19:26:23: vmx| WMI_CreateWMIObjectInstance: failed to enum an instance of class: 0x00000001 0 'Win32_ComputerSystemProduct'
May 23 19:26:23: vmx| Failed to get system information
May 23 19:26:23: vmx| UUID: Failed to obtain host UUID using WMI
May 23 19:26:23: vmx| UUID: canonical path is c:\doors\vmware\doors.vmx
May 23 19:26:23: vmx| UUID: location-UUID is 56 4d a7 55 b0 f1 c6 7e-5a c5 39 ea b6 6b a3 53
May 23 19:26:23: vmx| MM: using fileName C:\DoOrS\VMware\564da755-b0f1-c67e-5ac5-39eab66ba353.vmem for paging
May 23 19:26:23: vmx| Msg_Reset:
May 23 19:26:23: vmx| ----------------------------------------
May 23 19:26:23: vmx| Opened paging file C:\DoOrS\VMware\564da755-b0f1-c67e-5ac5-39eab66ba353.vmem
May 23 19:26:23: vmx| Mapped mainmem as pageable
May 23 19:26:23: vmx| MStat: Creating Stat vm.uptime
May 23 19:26:23: vmx| TimeTracker host to guest rate conversion 4410967052165 @ 902045000Hz -> 4410967052165 @ 902045000Hz
May 23 19:26:23: vmx| TimeTracker host to guest rate conversion ((x * 2147483648) >> 31) + 0
May 23 19:26:23: vmx| SCSI0: UNTAGGED commands will be converted to ORDER tags.
May 23 19:26:23: vmx| MStat: Creating Stat vm.heartbeat
May 23 19:26:23: vmx| DISKUTIL: Offline toolsVersion = 0
May 23 19:26:23: vmx| TOOLS INSTALL initializing state to IDLE on power on.
May 23 19:26:23: vmx| VLANCE: send cluster threshold is 80, size = 2 recalcInterval is 2 ticks
May 23 19:26:23: vmx| VMXNET: send cluster threshold is 80, size = 2 recalcInterval is 2 ticks, dontClusterSize is 128
May 23 19:26:23: vmx| E1000: checksum cycles/kB: C=1253 asm=741
May 23 19:26:23: vmx| VirtualProtect MapProtectMem(0x2ff0000,0x1000) returns 0x1e7
May 23 19:26:23: vmx| Can't read-only monitor pages from 0x02FF0000 to 0x02FF1000
May 23 19:26:23: vmx| VirtualProtect MapProtectMem(0x2ff2000,0x0) returns 0x57
May 23 19:26:23: vmx| Can't read-only monitor pages from 0x02FF2000 to 0x02FF2000
May 23 19:26:23: vmx| TOOLS received request in VMX to set option 'enableDnD' -> '1'
May 23 19:26:23: vmx| VMX_PowerOn: ModuleTable_PowerOn = 1
May 23 19:26:23: mks| Async MKS thread is alive
May 23 19:26:23: vcpu-0| PShare: enabled 1, scanRate 32, checkRate 16
May 23 19:26:23: vcpu-0| guestCpuFeatures = 0x8735e02
May 23 19:26:23: vcpu-0| Init modules.
May 23 19:26:23: vmx| DnD rpc already set to 1
May 23 19:26:24: mks| Connecting to window system.
May 23 19:26:24: mks| KHBKL: Unable to parse keystring at: ''
May 23 19:26:24: mks| Ignoring update request in VGA_Expose (mode change pending).
May 23 19:26:24: vcpu-0| CPU reset: hard
May 23 19:26:24: vmx| FLOPPYLIB-IMAGE: Floppy geometry 80/2/18 detected from boot sector.
May 23 19:26:24: mks| Ignoring update request in VGA_Expose (mode change pending).
May 23 19:26:24: vcpu-0| INTELRDMSR(0x8b) = 0x0000000100000000
May 23 19:26:24: vcpu-0| INTELRDMSR(0x17) = 0x0630000000000000
May 23 19:26:24: vcpu-0| sz=3112928
May 23 19:26:24: vcpu-0| vmm32 initialized: Releasebuild-19175. cflags: 0x08080002.01801000.00000050
May 23 19:26:25: mks| Ignoring update request in VGA_Expose (mode change pending).
May 23 19:26:25: mks| GDIInfo_SwitchToFullScreenMode: Saving previous display settings: <32, 1024, 768, 60>
May 23 19:26:25: mks| Display orientation is default.
May 23 19:26:25: mks| Display frequency is 60HZ
May 23 19:26:25: mks| Changing display mode to <32, 640, 480, 60>
May 23 19:26:27: mks| Ignoring update request in VGA_Expose (mode change pending).
May 23 19:26:27: mks| Ignoring update request in VGA_Expose (mode change pending).
May 23 19:26:27: mks| Ignoring update request in VGA_Expose (mode change pending).
May 23 19:26:28: vcpu-0| SVGA: Registering MemSpace at 0xf0000000(0x0) and 0xec000000(0x0)
May 23 19:26:28: vcpu-0| PCI OPROM: Asked to map the VBIOS OPROM at 0xfe800000 (size 32768 bytes)
May 23 19:26:28: vcpu-0| PCI OPROM: Asked to unmap the VBIOS OPROM
May 23 19:26:28: vcpu-0| SVGA: Unregistering MemSpace at 0xf0000000(0xf0000000) and 0xec000000(0xec000000)
May 23 19:26:28: vcpu-0| PCI OPROM: Asked to map the SBIOS OPROM at 0xfe800000 (size 16384 bytes)
May 23 19:26:28: vcpu-0| PCI OPROM: Asked to unmap the SBIOS OPROM
May 23 19:26:28: vcpu-0| SVGA: Registering MemSpace at 0xf0000000(0xf0000000) and 0xec000000(0xec000000)
May 23 19:26:29: vcpu-0| PCI OPROM: Asked to map the VBIOS OPROM at 0xfe800000 (size 32768 bytes)
May 23 19:26:29: vcpu-0| PCI OPROM: Asked to unmap the VBIOS OPROM
May 23 19:26:29: vcpu-0| SVGA: Unregistering MemSpace at 0xf0000000(0xf0000000) and 0xec000000(0xec000000)
May 23 19:26:29: vcpu-0| SVGA: Registering IOSpace at 0x1080 (0x0)
May 23 19:26:29: vcpu-0| SVGA: Registering MemSpace at 0xf0000000(0xf0000000) and 0xec000000(0xec000000)
May 23 19:26:29: mks| Display orientation is default.
May 23 19:26:29: mks| Display frequency is 60HZ
May 23 19:26:29: mks| Changing display mode to <32, 720, 480, 60>
May 23 19:26:30: mks| Ignoring update request in VGA_Expose (mode change pending).
May 23 19:26:31: mks| Display orientation is default.
May 23 19:26:31: mks| Display frequency is 60HZ
May 23 19:26:31: mks| Changing display mode to <32, 640, 480, 60>
May 23 19:26:33: mks| Ignoring update request in VGA_Expose (mode change pending).
May 23 19:26:35: vcpu-0| PCI OPROM: Asked to map the SBIOS OPROM at 0xfe800000 (size 16384 bytes)
May 23 19:26:35: vcpu-0| PCI OPROM: Asked to unmap the SBIOS OPROM
May 23 19:26:36: vcpu-0| BIOS-UUID is 56 4d a7 55 b0 f1 c6 7e-5a c5 39 ea b6 6b a3 53
May 23 19:26:37: vcpu-0| DISKUTIL: Offline toolsVersion = 0
May 23 19:26:37: mks| Display orientation is default.
May 23 19:26:37: mks| Display frequency is 60HZ
May 23 19:26:37: mks| Changing display mode to <32, 720, 480, 60>
May 23 19:26:38: mks| Ignoring update request in VGA_Expose (mode change pending).
May 23 19:26:39: mks| Display orientation is default.
May 23 19:26:39: mks| Display frequency is 60HZ
May 23 19:26:39: mks| Changing display mode to <32, 640, 480, 60>
May 23 19:26:40: mks| Ignoring update request in VGA_Expose (mode change pending).
May 23 19:26:42: mks| Display orientation is default.
May 23 19:26:42: mks| Display frequency is 60HZ
May 23 19:26:42: mks| Changing display mode to <32, 720, 480, 60>
May 23 19:26:44: mks| Ignoring update request in VGA_Expose (mode change pending).
May 23 19:27:32: mks| Display orientation is default.
May 23 19:27:32: mks| Display frequency is 60HZ
May 23 19:27:32: mks| Changing display mode to <32, 640, 480, 60>
May 23 19:27:34: mks| Ignoring update request in VGA_Expose (mode change pending).
May 23 19:27:57: mks| Display orientation is default.
May 23 19:27:57: mks| Display frequency is 60HZ
May 23 19:27:57: mks| Changing display mode to <32, 720, 480, 60>
May 23 19:27:58: mks| Ignoring update request in VGA_Expose (mode change pending).
May 23 19:28:06: mks| Display orientation is default.
May 23 19:28:06: mks| Display frequency is 60HZ
May 23 19:28:06: mks| Changing display mode to <32, 640, 480, 60>
May 23 19:28:07: mks| Ignoring update request in VGA_Expose (mode change pending).
May 23 19:28:27: mks| Changing display mode to <32, 1024, 768, 60>
May 23 19:28:28: mks| Ignoring update request in VGA_Expose (mode change pending).
May 23 19:28:28: mks| Ignoring update request in VGA_Expose (mode change pending).
May 23 19:28:28: mks| Ignoring update request in VGA_Expose (mode change pending).
May 23 19:28:28: mks| Ignoring update request in VGA_Expose (mode change pending).
May 23 19:28:28: mks| Ignoring update request in VGA_Expose (mode change pending).
May 23 19:28:28: mks| Ignoring update request in VGA_Expose (mode change pending).
May 23 19:28:29: mks| Ignoring update request in VGA_Expose (mode change pending).
May 23 19:28:29: mks| Ignoring update request in VGA_Expose (mode change pending).
May 23 19:28:29: mks| Ignoring update request in VGA_Expose (mode change pending).
May 23 19:28:29: mks| Ignoring update request in VGA_Expose (mode change pending).
May 23 19:28:29: mks| Ignoring update request in VGA_Expose (mode change pending).
May 23 19:28:29: mks| Ignoring update request in VGA_Expose (mode change pending).
May 23 19:28:37: mks| Ignoring update request in VGA_Expose (mode change pending).
May 23 19:28:39: mks| Ignoring update request in VGA_Expose (mode change pending).
May 23 19:28:40: vmx| VMXVmdbCbVmVmxExecState: Exec state change requested to state poweredOff with reset
May 23 19:28:40: vmx| 
May 23 19:28:40: vmx| 
May 23 19:28:40: vmx| VMXRequestReset
May 23 19:28:40: vmx| Stopping VCPU threads...
May 23 19:28:40: mks| Detaching from window system.
May 23 19:28:40: mks| Async MKS thread is exiting
May 23 19:28:40: vmx| TOOLS received request in VMX to set option 'enableDnD' -> '0'
May 23 19:28:40: vmx| TOOLS received request in VMX to set option 'enableDnD' -> '0'
May 23 19:28:40: vmx| MKS local poweroff
May 23 19:28:40: vmx| Lock before MKS lock created.  Early poweroff?
May 23 19:28:40: vmx| Unlock before MKS lock created.  Early poweroff?
May 23 19:28:40: vmx| AIOWIN32: asyncOps=174 syncOps=1 bufSize=4Kb delayed=0 fixed=1 sgOp=0 sgOn=1
May 23 19:28:41: vmx| PowerOn
May 23 19:28:41: vmx| HOST Windows version 5.1, build 2600, platform 2, "Service Pack 2"
May 23 19:28:41: vmx| DICT --- USER PREFERENCES
May 23 19:28:41: vmx| DICT    pref.autoFitFullScreen = fitHostToGuest
May 23 19:28:41: vmx| DICT     pref.view.navBar.type = favorites
May 23 19:28:41: vmx| DICT pref.view.toolbars.power.items.count = 7
May 23 19:28:41: vmx| DICT pref.view.toolbars.power.item0.id = POWER_OFF
May 23 19:28:41: vmx| DICT pref.view.toolbars.power.item1.id = SUSPEND
May 23 19:28:41: vmx| DICT pref.view.toolbars.power.item2.id = POWER_ON
May 23 19:28:41: vmx| DICT pref.view.toolbars.power.item3.id = RESET
May 23 19:28:41: vmx| DICT pref.view.toolbars.power.item4.id = _SEP_
May 23 19:28:41: vmx| DICT pref.view.toolbars.power.item5.id = PREVIEW_PLAYER
May 23 19:28:41: vmx| DICT pref.view.toolbars.power.item6.id = PREVIEW_WS
May 23 19:28:41: vmx| DICT     pref.mruDest0.present = FALSE
May 23 19:28:41: vmx| DICT  pref.mruDest0.destString = 
May 23 19:28:41: vmx| DICT        pref.mruDest0.user = 
May 23 19:28:41: vmx| DICT     pref.mruDest1.present = FALSE
May 23 19:28:41: vmx| DICT  pref.mruDest1.destString = 
May 23 19:28:41: vmx| DICT        pref.mruDest1.user = 
May 23 19:28:41: vmx| DICT     pref.mruDest2.present = FALSE
May 23 19:28:41: vmx| DICT  pref.mruDest2.destString = 
May 23 19:28:41: vmx| DICT        pref.mruDest2.user = 
May 23 19:28:41: vmx| DICT     pref.mruDest3.present = FALSE
May 23 19:28:41: vmx| DICT  pref.mruDest3.destString = 
May 23 19:28:41: vmx| DICT        pref.mruDest3.user = 
May 23 19:28:41: vmx| DICT     pref.mruDest4.present = FALSE
May 23 19:28:41: vmx| DICT  pref.mruDest4.destString = 
May 23 19:28:41: vmx| DICT        pref.mruDest4.user = 
May 23 19:28:41: vmx| DICT     pref.mruDest5.present = FALSE
May 23 19:28:41: vmx| DICT  pref.mruDest5.destString = 
May 23 19:28:41: vmx| DICT        pref.mruDest5.user = 
May 23 19:28:41: vmx| DICT     pref.mruDest6.present = FALSE
May 23 19:28:41: vmx| DICT  pref.mruDest6.destString = 
May 23 19:28:41: vmx| DICT        pref.mruDest6.user = 
May 23 19:28:41: vmx| DICT     pref.mruDest7.present = FALSE
May 23 19:28:41: vmx| DICT  pref.mruDest7.destString = 
May 23 19:28:41: vmx| DICT        pref.mruDest7.user = 
May 23 19:28:41: vmx| DICT pref.view.toolbars.proj.items.count = 4
May 23 19:28:41: vmx| DICT pref.view.toolbars.proj.item0.id = ADD_VM
May 23 19:28:41: vmx| DICT pref.view.toolbars.proj.item1.id = POLICIES
May 23 19:28:41: vmx| DICT pref.view.toolbars.proj.item2.id = PKG_NEW
May 23 19:28:41: vmx| DICT pref.view.toolbars.proj.item3.id = EDIT_SETTINGS
May 23 19:28:41: vmx| DICT pref.view.toolbars.view.items.count = 6
May 23 19:28:41: vmx| DICT pref.view.toolbars.view.item0.id = FAVORITES
May 23 19:28:41: vmx| DICT pref.view.toolbars.view.item1.id = FULL_SCREEN
May 23 19:28:41: vmx| DICT pref.view.toolbars.view.item2.id = QUICK_SWITCH
May 23 19:28:41: vmx| DICT pref.view.toolbars.view.item3.id = _SEP_
May 23 19:28:41: vmx| DICT pref.view.toolbars.view.item4.id = SUMMARY
May 23 19:28:41: vmx| DICT pref.view.toolbars.view.item5.id = CONSOLE
May 23 19:28:41: vmx| DICT pref.view.toolbars.snapshot.items.count = 3
May 23 19:28:41: vmx| DICT pref.view.toolbars.snapshot.item0.id = SNAPSHOT
May 23 19:28:41: vmx| DICT pref.view.toolbars.snapshot.item1.id = REVERT
May 23 19:28:41: vmx| DICT pref.view.toolbars.snapshot.item2.id = SNAPSHOT_MANAGER
May 23 19:28:41: vmx| DICT pref.view.toolbars.menu.position.ix = 0
May 23 19:28:41: vmx| DICT pref.view.toolbars.menu.position.newLine = TRUE
May 23 19:28:41: vmx| DICT pref.view.toolbars.power.position.ix = 1
May 23 19:28:41: vmx| DICT pref.view.toolbars.power.position.newLine = TRUE
May 23 19:28:41: vmx| DICT pref.view.toolbars.power.position.length = 118
May 23 19:28:41: vmx| DICT pref.view.toolbars.snapshot.position.ix = 2
May 23 19:28:41: vmx| DICT pref.view.toolbars.snapshot.position.length = 87
May 23 19:28:41: vmx| DICT pref.view.toolbars.view.position.ix = 3
May 23 19:28:41: vmx| DICT pref.view.toolbars.view.position.length = 153
May 23 19:28:41: vmx| DICT pref.ws.openedObj0.present = FALSE
May 23 19:28:41: vmx| DICT   pref.ws.openedObj0.name = DoOrS
May 23 19:28:41: vmx| DICT  pref.ws.openedObj.maxNum = 2
May 23 19:28:41: vmx| DICT       pref.placement.left = 68
May 23 19:28:41: vmx| DICT        pref.placement.top = 85
May 23 19:28:41: vmx| DICT      pref.placement.right = 801
May 23 19:28:41: vmx| DICT     pref.placement.bottom = 616
May 23 19:28:41: vmx| DICT          pref.tip.startup = FALSE
May 23 19:28:41: vmx| DICT            pref.tip.index = 1
May 23 19:28:41: vmx| DICT       webUpdate.checkLast = 1179669437
May 23 19:28:41: vmx| DICT webUpdate.lastCheck.status = done_updates
May 23 19:28:41: vmx| DICT    hint.loader.debug.beta = FALSE
May 23 19:28:41: vmx| DICT        hint.vmui.poweroff = FALSE
May 23 19:28:41: vmx| DICT   pref.ws.currentObj.path = /vm/#49bdb220e312b0bd/
May 23 19:28:41: vmx| DICT   pref.ws.currentObj.type = vm
May 23 19:28:41: vmx| DICT pref.ws.openedObj1.present = TRUE
May 23 19:28:41: vmx| DICT   pref.ws.openedObj1.name = DoOrS
May 23 19:28:41: vmx| DICT pref.ws.openedObj2.present = TRUE
May 23 19:28:41: vmx| DICT   pref.ws.openedObj2.type = vm
May 23 19:28:41: vmx| DICT   pref.ws.openedObj2.path = /vm/#68daecc30f3e76d6/
May 23 19:28:41: vmx| DICT   pref.ws.openedObj2.file = C:\DoOrS\VMware\Other.vmx
May 23 19:28:41: vmx| DICT   pref.ws.openedObj2.name = DoOrS
May 23 19:28:41: vmx| DICT      hint.leaveFullScreen = FALSE
May 23 19:28:41: vmx| DICT   pref.ws.openedObj3.type = vm
May 23 19:28:41: vmx| DICT   pref.ws.openedObj3.path = /vm/#80437d7ccd58d087/
May 23 19:28:41: vmx| DICT   pref.ws.openedObj3.file = C:\Home\Work\Univer\Asm\DoOrS\VMware\Other.vmx
May 23 19:28:41: vmx| DICT   pref.ws.openedObj3.name = DoOrS
May 23 19:28:41: vmx| DICT   pref.ws.openedObj1.type = vm
May 23 19:28:41: vmx| DICT   pref.ws.openedObj1.path = /vm/#49bdb220e312b0bd/
May 23 19:28:41: vmx| DICT   pref.ws.openedObj1.file = C:\DoOrS\VMware\DoOrS.vmx
May 23 19:28:41: vmx| DICT pref.ws.openedObj3.present = TRUE
May 23 19:28:41: vmx| DICT          pref.view.navBar = FALSE
May 23 19:28:41: vmx| DICT   pref.ws.openedObj0.type = vm
May 23 19:28:41: vmx| DICT   pref.ws.openedObj0.path = /vm/#49bdb220e312b0bd/
May 23 19:28:41: vmx| DICT   pref.ws.openedObj0.file = C:\DoOrS\VMware\DoOrS.vmx
May 23 19:28:41: vmx| DICT           hint.vmui.reset = FALSE
May 23 19:28:41: vmx| DICT hint.mainmem.lazyResumeHint = FALSE
May 23 19:28:41: vmx| DICT --- USER DEFAULTS
May 23 19:28:41: vmx| DICT --- HOST DEFAULTS
May 23 19:28:41: vmx| DICT --- SITE DEFAULTS
May 23 19:28:41: vmx| DICT --- COMMAND LINE
May 23 19:28:41: vmx| DICT             gui.available = TRUE
May 23 19:28:41: vmx| DICT --- CONFIGURATION
May 23 19:28:41: vmx| DICT            config.version = 8
May 23 19:28:41: vmx| DICT         virtualHW.version = 4
May 23 19:28:41: vmx| DICT             scsi0.present = TRUE
May 23 19:28:41: vmx| DICT                   memsize = 8
May 23 19:28:41: vmx| DICT     MemAllowAutoScaleDown = FALSE
May 23 19:28:41: vmx| DICT            ide0:0.present = FALSE
May 23 19:28:41: vmx| DICT           ide0:0.fileName = Other.vmdk
May 23 19:28:41: vmx| DICT            ide1:0.present = FALSE
May 23 19:28:41: vmx| DICT           ide1:0.fileName = auto detect
May 23 19:28:41: vmx| DICT         ide1:0.deviceType = cdrom-raw
May 23 19:28:41: vmx| DICT          floppy0.fileName = C:\DoOrS\bin\DoOrS.ima
May 23 19:28:41: vmx| DICT             sound.present = FALSE
May 23 19:28:41: vmx| DICT          sound.virtualDev = es1371
May 23 19:28:41: vmx| DICT            sound.fileName = -1
May 23 19:28:41: vmx| DICT          sound.autodetect = TRUE
May 23 19:28:41: vmx| DICT               displayName = DoOrS
May 23 19:28:41: vmx| DICT                   guestOS = other
May 23 19:28:41: vmx| DICT                     nvram = Other.nvram
May 23 19:28:41: vmx| DICT          floppy0.fileType = file
May 23 19:28:41: vmx| DICT                workingDir = .
May 23 19:28:41: vmx| DICT             uuid.location = 56 4d a7 55 b0 f1 c6 7e-5a c5 39 ea b6 6b a3 53
May 23 19:28:41: vmx| DICT                 uuid.bios = 56 4d a7 55 b0 f1 c6 7e-5a c5 39 ea b6 6b a3 53
May 23 19:28:41: vmx| DICT                     debug = FALSE
May 23 19:28:41: vmx| DICT monitor_control.log_vmsample = FALSE
May 23 19:28:41: vmx| DICT        floppy0.autodetect = TRUE
May 23 19:28:41: vmx| DICT        checkpoint.vmState = 
May 23 19:28:41: vmx| DICT --- USER DEFAULTS
May 23 19:28:41: vmx| DICT --- HOST DEFAULTS
May 23 19:28:41: vmx| DICT --- SITE DEFAULTS
May 23 19:28:41: vmx| DICT --- GLOBAL SETTINGS
May 23 19:28:41: vmx| WSSCAN: reserved mem (in MB) min=32 max=288 recommended=288
May 23 19:28:41: vmx|         hostMem=384 maxAllowedAll=4096 maxAllowedVM=3600
May 23 19:28:41: vmx|         totOverhead=16
May 23 19:28:41: vmx| WSSCAN: used rec mem (in MB) 288
May 23 19:28:41: vmx| WSSCAN: Overhead 8433 paged 5038 nonpaged 4096 maxFBSize
May 23 19:28:41: vmx| WSSCAN 1 2 60976 64480 73728 60976 50 0
May 23 19:28:41: vmx| LICENSE using: 'HKEY_LOCAL_MACHINE\SOFTWARE\VMware, Inc.\VMware Workstation\License.ws.5.0' 
May 23 19:28:41: vmx| STATDECLGROUP stats Root "" null
May 23 19:28:41: vmx| KHZEstimate 902045
May 23 19:28:41: vmx| MHZEstimate 902
May 23 19:28:41: vmx| NumVCPUs 1
May 23 19:28:41: vmx| UUID: location-UUID is 56 4d e1 cc 44 a1 6a f4-50 51 09 0a 9c 55 2d 44
May 23 19:28:41: vmx| WMI_CreateWMIObjectInstance: failed to enum an instance of class: 0x00000001 0 'Win32_ComputerSystemProduct'
May 23 19:28:41: vmx| Failed to get system information
May 23 19:28:41: vmx| UUID: Failed to obtain host UUID using WMI
May 23 19:28:41: vmx| UUID: canonical path is c:\doors\vmware\doors.vmx
May 23 19:28:41: vmx| UUID: location-UUID is 56 4d a7 55 b0 f1 c6 7e-5a c5 39 ea b6 6b a3 53
May 23 19:28:42: vmx| MM: Using partialmap, 2048 pages AC 0 CE 1 TM 0 DOHU 0
May 23 19:28:42: vmx| WMI_CreateWMIObjectInstance: failed to enum an instance of class: 0x00000001 0 'Win32_ComputerSystemProduct'
May 23 19:28:42: vmx| Failed to get system information
May 23 19:28:42: vmx| UUID: Failed to obtain host UUID using WMI
May 23 19:28:42: vmx| UUID: canonical path is c:\doors\vmware\doors.vmx
May 23 19:28:42: vmx| UUID: location-UUID is 56 4d a7 55 b0 f1 c6 7e-5a c5 39 ea b6 6b a3 53
May 23 19:28:42: vmx| MM: using fileName C:\DoOrS\VMware\564da755-b0f1-c67e-5ac5-39eab66ba353.vmem for paging
May 23 19:28:42: vmx| Msg_Reset:
May 23 19:28:42: vmx| ----------------------------------------
May 23 19:28:42: vmx| Opened paging file C:\DoOrS\VMware\564da755-b0f1-c67e-5ac5-39eab66ba353.vmem
May 23 19:28:42: vmx| Mapped mainmem as pageable
May 23 19:28:42: vmx| MStat: Creating Stat vm.uptime
May 23 19:28:42: vmx| TimeTracker host to guest rate conversion 4535833468883 @ 902045000Hz -> 4535833468883 @ 902045000Hz
May 23 19:28:42: vmx| TimeTracker host to guest rate conversion ((x * 2147483648) >> 31) + 0
May 23 19:28:42: vmx| SCSI0: UNTAGGED commands will be converted to ORDER tags.
May 23 19:28:42: vmx| MStat: Creating Stat vm.heartbeat
May 23 19:28:42: vmx| DISKUTIL: Offline toolsVersion = 0
May 23 19:28:42: vmx| TOOLS INSTALL initializing state to IDLE on power on.
May 23 19:28:42: vmx| VLANCE: send cluster threshold is 80, size = 2 recalcInterval is 2 ticks
May 23 19:28:42: vmx| VMXNET: send cluster threshold is 80, size = 2 recalcInterval is 2 ticks, dontClusterSize is 128
May 23 19:28:42: vmx| E1000: checksum cycles/kB: C=1272 asm=706
May 23 19:28:42: vmx| VirtualProtect MapProtectMem(0xe90000,0x1000) returns 0x1e7
May 23 19:28:42: vmx| Can't read-only monitor pages from 0x00E90000 to 0x00E91000
May 23 19:28:42: vmx| VirtualProtect MapProtectMem(0xe92000,0x0) returns 0x57
May 23 19:28:42: vmx| Can't read-only monitor pages from 0x00E92000 to 0x00E92000
May 23 19:28:42: vmx| TOOLS received request in VMX to set option 'enableDnD' -> '1'
May 23 19:28:42: vmx| VMX_PowerOn: ModuleTable_PowerOn = 1
May 23 19:28:42: mks| Async MKS thread is alive
May 23 19:28:42: vmx| DnD rpc already set to 1
May 23 19:28:42: mks| Connecting to window system.
May 23 19:28:42: mks| KHBKL: Unable to parse keystring at: ''
May 23 19:28:42: vcpu-0| PShare: enabled 1, scanRate 32, checkRate 16
May 23 19:28:42: vcpu-0| guestCpuFeatures = 0x8735e02
May 23 19:28:42: vcpu-0| Init modules.
May 23 19:28:42: vcpu-0| CPU reset: hard
May 23 19:28:42: vmx| FLOPPYLIB-IMAGE: Floppy geometry 80/2/18 detected from boot sector.
May 23 19:28:42: vcpu-0| INTELRDMSR(0x8b) = 0x0000000100000000
May 23 19:28:42: vcpu-0| INTELRDMSR(0x17) = 0x0630000000000000
May 23 19:28:42: vcpu-0| sz=3112928
May 23 19:28:42: vcpu-0| vmm32 initialized: Releasebuild-19175. cflags: 0x08080002.01801000.00000050
May 23 19:28:43: vmx| VMXVmdbCbVmVmxExecState: Exec state change requested to state poweredOff without reset
May 23 19:28:43: vmx| Stopping VCPU threads...
May 23 19:28:43: mks| Detaching from window system.
May 23 19:28:43: mks| Async MKS thread is exiting
May 23 19:28:43: vmx| TOOLS received request in VMX to set option 'enableDnD' -> '0'
May 23 19:28:43: vmx| TOOLS received request in VMX to set option 'enableDnD' -> '0'
May 23 19:28:43: vmx| MKS local poweroff
May 23 19:28:43: vmx| Lock before MKS lock created.  Early poweroff?
May 23 19:28:43: vmx| Unlock before MKS lock created.  Early poweroff?
May 23 19:28:43: vmx| AIOWIN32: asyncOps=0 syncOps=1 bufSize=4Kb delayed=0 fixed=1 sgOp=0 sgOn=1
May 23 19:28:44: vmx| vmdbPipe_Streams: Couldn't read
May 23 19:28:44: vmx| VMX idle exit
May 23 19:28:44: vmx| Flushing VMX VMDB connections
May 23 19:28:44: vmx| IPC_exit: disconnecting all threads
May 23 19:28:44: vmx| VMX exit.
